C:\Users\schles\Documents\PanStitch\VisSt2010\Release\cl.command.1.tlog
C:\Users\schles\Documents\PanStitch\VisSt2010\Release\CL.read.1.tlog
C:\Users\schles\Documents\PanStitch\VisSt2010\Release\CL.write.1.tlog
C:\USERS\SCHLES\DOCUMENTS\PANSTITCH\VISST2010\RELEASE\HARRIS.OBJ
C:\USERS\SCHLES\DOCUMENTS\PANSTITCH\VISST2010\RELEASE\HOMOGRAPHIES.OBJ
C:\Users\schles\Documents\PanStitch\VisSt2010\Release\link.command.1.tlog
C:\Users\schles\Documents\PanStitch\VisSt2010\Release\link.read.1.tlog
C:\Users\schles\Documents\PanStitch\VisSt2010\Release\link.write.1.tlog
C:\USERS\SCHLES\DOCUMENTS\PANSTITCH\VISST2010\RELEASE\LOCAL_MAXIMA.OBJ
C:\USERS\SCHLES\DOCUMENTS\PANSTITCH\VISST2010\RELEASE\MATCHING.OBJ
C:\USERS\SCHLES\DOCUMENTS\PANSTITCH\VISST2010\RELEASE\MEAN.OBJ
C:\Users\schles\Documents\PanStitch\VisSt2010\Release\mt.command.1.tlog
C:\Users\schles\Documents\PanStitch\VisSt2010\Release\mt.read.1.tlog
C:\Users\schles\Documents\PanStitch\VisSt2010\Release\mt.write.1.tlog
C:\USERS\SCHLES\DOCUMENTS\PANSTITCH\VISST2010\RELEASE\PS_MAIN.OBJ
C:\USERS\SCHLES\DOCUMENTS\PANSTITCH\VISST2010\RELEASE\RENDER.OBJ
C:\USERS\SCHLES\DOCUMENTS\PANSTITCH\VISST2010\RELEASE\SAVES.OBJ
C:\USERS\SCHLES\DOCUMENTS\PANSTITCH\VISST2010\RELEASE\VC100.PDB
C:\USERS\SCHLES\DOCUMENTS\PANSTITCH\VISST2010\RELEASE\VISST2010.EXE
C:\USERS\SCHLES\DOCUMENTS\PANSTITCH\VISST2010\RELEASE\VISST2010.EXE.INTERMEDIATE.MANIFEST
C:\USERS\SCHLES\DOCUMENTS\PANSTITCH\VISST2010\RELEASE\VISST2010.PDB
C:\Users\schles\Documents\PanStitch\VisSt2010\Release\VisSt2010.write.1.tlog
