C:\Users\schles\Documents\PanStitch\VisSt2010\Debug\cl.command.1.tlog
C:\Users\schles\Documents\PanStitch\VisSt2010\Debug\CL.read.1.tlog
C:\Users\schles\Documents\PanStitch\VisSt2010\Debug\CL.write.1.tlog
C:\USERS\SCHLES\DOCUMENTS\PANSTITCH\VISST2010\DEBUG\HARRIS.OBJ
C:\USERS\SCHLES\DOCUMENTS\PANSTITCH\VISST2010\DEBUG\HOMOGRAPHIES.OBJ
C:\Users\schles\Documents\PanStitch\VisSt2010\Debug\link.2344.read.1.tlog
C:\Users\schles\Documents\PanStitch\VisSt2010\Debug\link.2344.write.1.tlog
C:\Users\schles\Documents\PanStitch\VisSt2010\Debug\link.2344-cvtres.read.1.tlog
C:\Users\schles\Documents\PanStitch\VisSt2010\Debug\link.2344-cvtres.write.1.tlog
C:\Users\schles\Documents\PanStitch\VisSt2010\Debug\link.command.1.tlog
C:\Users\schles\Documents\PanStitch\VisSt2010\Debug\link.read.1.tlog
C:\Users\schles\Documents\PanStitch\VisSt2010\Debug\link.write.1.tlog
C:\Users\schles\Documents\PanStitch\VisSt2010\Debug\link-cvtres.read.1.tlog
C:\Users\schles\Documents\PanStitch\VisSt2010\Debug\link-cvtres.write.1.tlog
C:\USERS\SCHLES\DOCUMENTS\PANSTITCH\VISST2010\DEBUG\LOCAL_MAXIMA.OBJ
C:\USERS\SCHLES\DOCUMENTS\PANSTITCH\VISST2010\DEBUG\MATCHING.OBJ
C:\USERS\SCHLES\DOCUMENTS\PANSTITCH\VISST2010\DEBUG\MEAN.OBJ
C:\Users\schles\Documents\PanStitch\VisSt2010\Debug\mt.command.1.tlog
C:\Users\schles\Documents\PanStitch\VisSt2010\Debug\mt.read.1.tlog
C:\Users\schles\Documents\PanStitch\VisSt2010\Debug\mt.write.1.tlog
C:\USERS\SCHLES\DOCUMENTS\PANSTITCH\VISST2010\DEBUG\PS_MAIN.OBJ
C:\Users\schles\Documents\PanStitch\VisSt2010\Debug\rc.command.1.tlog
C:\Users\schles\Documents\PanStitch\VisSt2010\Debug\rc.read.1.tlog
C:\Users\schles\Documents\PanStitch\VisSt2010\Debug\rc.write.1.tlog
C:\USERS\SCHLES\DOCUMENTS\PANSTITCH\VISST2010\DEBUG\RENDER.OBJ
C:\USERS\SCHLES\DOCUMENTS\PANSTITCH\VISST2010\DEBUG\SAVES.OBJ
C:\Users\schles\Documents\PanStitch\VisSt2010\Debug\vc100.idb
C:\USERS\SCHLES\DOCUMENTS\PANSTITCH\VISST2010\DEBUG\VC100.PDB
C:\USERS\SCHLES\DOCUMENTS\PANSTITCH\VISST2010\DEBUG\VISST2010.EXE
C:\USERS\SCHLES\DOCUMENTS\PANSTITCH\VISST2010\DEBUG\VISST2010.EXE.EMBED.MANIFEST
C:\USERS\SCHLES\DOCUMENTS\PANSTITCH\VISST2010\DEBUG\VISST2010.EXE.EMBED.MANIFEST.RES
C:\USERS\SCHLES\DOCUMENTS\PANSTITCH\VISST2010\DEBUG\VISST2010.EXE.INTERMEDIATE.MANIFEST
C:\USERS\SCHLES\DOCUMENTS\PANSTITCH\VISST2010\DEBUG\VISST2010.ILK
C:\USERS\SCHLES\DOCUMENTS\PANSTITCH\VISST2010\DEBUG\VISST2010.PDB
C:\Users\schles\Documents\PanStitch\VisSt2010\Debug\VisSt2010.write.1.tlog
C:\Users\schles\Documents\PanStitch\VisSt2010\Debug\VisSt2010_manifest.rc
